<?xml version="1.0" encoding="UTF-8"?>
<testng-results skipped="0" failed="0" ignored="0" total="1" passed="1">
  <reporter-output>
  </reporter-output>
  <suite name="Default suite" duration-ms="33432" started-at="2019-08-29T22:54:04Z" finished-at="2019-08-29T22:54:37Z">
    <groups>
    </groups>
    <test name="Default test" duration-ms="33432" started-at="2019-08-29T22:54:04Z" finished-at="2019-08-29T22:54:37Z">
      <class name="com.facebookPageObject.testcases.ChangePasswordTest4">
        <test-method status="PASS" signature="changePasswordTest(java.util.Hashtable)[pri:0, instance:com.facebookPageObject.testcases.ChangePasswordTest4@2053d869]" name="changePasswordTest" duration-ms="30981" started-at="2019-08-29T22:54:04Z" data-provider="getData" finished-at="2019-08-29T22:54:35Z">
          <params>
            <param index="0">
              <value>
                <![CDATA[{NewPassword=pen1234587l, Username=miraalmamun@gmail.com, OldPassword=Penpen123123, ExpectedResult=Unsuccessful, Runmode=Y, Browser=Mozilla}]]>
              </value>
            </param>
          </params>
          <reporter-output>
          </reporter-output>
        </test-method> <!-- changePasswordTest -->
        <test-method status="PASS" signature="quitting()[pri:0, instance:com.facebookPageObject.testcases.ChangePasswordTest4@2053d869]" name="quitting" is-config="true" duration-ms="2412" started-at="2019-08-29T22:54:35Z" finished-at="2019-08-29T22:54:37Z">
          <reporter-output>
          </reporter-output>
        </test-method> <!-- quitting -->
      </class> <!-- com.facebookPageObject.testcases.ChangePasswordTest4 -->
    </test> <!-- Default test -->
  </suite> <!-- Default suite -->
</testng-results>
